<?xml version="1.0" encoding="UTF-8"?>
<testng-results ignored="0" total="1" passed="1" failed="0" skipped="0">
  <reporter-output>
  </reporter-output>
  <suite started-at="2025-07-31T23:52:44 IST" name="Default suite" finished-at="2025-07-31T23:52:57 IST" duration-ms="13197">
    <groups>
    </groups>
    <test started-at="2025-07-31T23:52:44 IST" name="Default test" finished-at="2025-07-31T23:52:57 IST" duration-ms="13197">
      <class name="testscript.LoginTestClass">
        <test-method is-config="true" signature="initialiseBrowser()[pri:0, instance:testscript.LoginTestClass@1aafa419]" started-at="2025-07-31T23:52:44 IST" name="initialiseBrowser" finished-at="2025-07-31T23:52:54 IST" duration-ms="10505" status="PASS">
          <reporter-output>
          </reporter-output>
        </test-method> <!-- initialiseBrowser -->
        <test-method signature="verifyUserLoginWithValidCredentials()[pri:0, instance:testscript.LoginTestClass@1aafa419]" started-at="2025-07-31T23:52:54 IST" name="verifyUserLoginWithValidCredentials" finished-at="2025-07-31T23:52:57 IST" duration-ms="2514" status="PASS">
          <reporter-output>
          </reporter-output>
        </test-method> <!-- verifyUserLoginWithValidCredentials -->
        <test-method is-config="true" signature="browserClose()[pri:0, instance:testscript.LoginTestClass@1aafa419]" started-at="2025-07-31T23:52:57 IST" name="browserClose" finished-at="2025-07-31T23:52:57 IST" duration-ms="2" status="PASS">
          <reporter-output>
          </reporter-output>
        </test-method> <!-- browserClose -->
      </class> <!-- testscript.LoginTestClass -->
    </test> <!-- Default test -->
  </suite> <!-- Default suite -->
</testng-results>
