<?xml version="1.0" encoding="UTF-8"?>
<!-- Generated by org.testng.reporters.JUnitXMLReporter -->
<testsuite ignored="3" hostname="DESKTOP-NDF10B7" failures="0" tests="1" name="Default test" time="13.197" errors="0" timestamp="2025-07-31T23:52:57 IST">
  <testcase classname="testscript.LoginTestClass" name="verifyUserLoginWithValidCredentials" time="2.514"/>
  <testcase classname="testscript.LoginTestClass" name="verifyUserLoginWithInValidCredentials" time="0.0">
    <ignored/>
  </testcase> <!-- verifyUserLoginWithInValidCredentials -->
  <testcase classname="testscript.LoginTestClass" name="verifyUserLoginWithValidUsernameAndInvalidPassword" time="0.0">
    <ignored/>
  </testcase> <!-- verifyUserLoginWithValidUsernameAndInvalidPassword -->
  <testcase classname="testscript.LoginTestClass" name="verifyUserLoginWithInvalidUsernameAndValidPassword" time="0.0">
    <ignored/>
  </testcase> <!-- verifyUserLoginWithInvalidUsernameAndValidPassword -->
</testsuite> <!-- Default test -->
